[rustomjeelavie-thane.in/indexb50a.html]
[backblue.gif]
[fade.gif]
[index.html]
[rustomjeelavie-thane.in/favicon.ico]
[rustomjeelavie-thane.in/css/custom.css]
[rustomjeelavie-thane.in/css/magnific-popup.css]
[rustomjeelavie-thane.in/css/bootstrap.min.css]
[rustomjeelavie-thane.in/img/developer_logo.png]
[rustomjeelavie-thane.in/img/banners/banner-1.jpg]
[rustomjeelavie-thane.in/img/banners/banner-1-m.jpg]
[rustomjeelavie-thane.in/img/banners/banner-2.jpg]
[rustomjeelavie-thane.in/img/banners/banner-2-m.jpg]
[rustomjeelavie-thane.in/img/banners/banner-3.jpg]
[rustomjeelavie-thane.in/img/banners/banner-3-m.jpg]
[rustomjeelavie-thane.in/img/d-arrow.png]
[rustomjeelavie-thane.in/img/intro-img.jpg]
[rustomjeelavie-thane.in/img/leaf1.png]
[rustomjeelavie-thane.in/img/intro-img2.jpg]
[rustomjeelavie-thane.in/img/icons-gold/cafe.png]
[rustomjeelavie-thane.in/img/icons-gold/pool.png]
[rustomjeelavie-thane.in/img/icons-gold/jacuzzi.png]
[rustomjeelavie-thane.in/img/icons-gold/team.png]
[rustomjeelavie-thane.in/img/icons-gold/skating.png]
[rustomjeelavie-thane.in/img/icons-gold/badminton.png]
[rustomjeelavie-thane.in/img/icons-gold/gym.png]
[rustomjeelavie-thane.in/img/icons-gold/meditation.png]
[rustomjeelavie-thane.in/img/icons-gold/hall.png]
[rustomjeelavie-thane.in/img/icons-gold/tennis-court.png]
[rustomjeelavie-thane.in/img/floor-plan/plan1.jpg]
[rustomjeelavie-thane.in/img/gallery/img1.jpg]
[rustomjeelavie-thane.in/img/gallery/img1-sm.jpg]
[rustomjeelavie-thane.in/img/gallery/img2.jpg]
[rustomjeelavie-thane.in/img/gallery/img2-sm.jpg]
[rustomjeelavie-thane.in/img/gallery/img3.jpg]
[rustomjeelavie-thane.in/img/gallery/img3-sm.jpg]
[rustomjeelavie-thane.in/img/gallery/img4.jpg]
[rustomjeelavie-thane.in/img/gallery/img4-sm.jpg]
[rustomjeelavie-thane.in/img/gallery/img5.jpg]
[rustomjeelavie-thane.in/indexb50a.html]
[rustomjeelavie-thane.in/css/bootstrap.min.css]
[rustomjeelavie-thane.in/css/custom.css]
[rustomjeelavie-thane.in/css/magnific-popup.css]
[rustomjeelavie-thane.in/img/hill-art.html]
[rustomjeelavie-thane.in/img/gallery/img4.jpg]
[rustomjeelavie-thane.in/img/gallery/img4-sm.jpg]
[rustomjeelavie-thane.in/img/gallery/img5-sm.jpg]
[rustomjeelavie-thane.in/img/gallery/img6.jpg]
[rustomjeelavie-thane.in/img/gallery/img6-sm.jpg]
[rustomjeelavie-thane.in/img/location-map.jpg]
[rustomjeelavie-thane.in/img/location-map-sm.jpg]
[rustomjeelavie-thane.in/disclaimer.html]
[rustomjeelavie-thane.in/img/up-arrow.png]
[rustomjeelavie-thane.in/img/video.mp4]
[rustomjeelavie-thane.in/js/jquery-3.5.1.min.js]
[rustomjeelavie-thane.in/js/plugins/bootstrap.min.js]
[rustomjeelavie-thane.in/js/jquery.magnific-popup.min.js]
[api2.gtftech.com/scripts/queryform.min.sslec92.js]
[rustomjeelavie-thane.in/fonts/Outfit/Outfit-Regular.ttf]
[rustomjeelavie-thane.in/fonts/Outfit/Outfit-Medium.ttf]
[rustomjeelavie-thane.in/fonts/Outfit/Outfit-Bold.ttf]
[rustomjeelavie-thane.in/img/green-bg.jpg]
